23:14:48 **** Incremental Build of configuration Debug for project project4 ****
make all 
Building file: ../ultrasonic.c
Invoking: AVR Compiler
avr-gcc -Wall -g2 -gstabs -O0 -fpack-struct -fshort-enums -ffunction-sections -fdata-sections -std=gnu99 -funsigned-char -funsigned-bitfields -mmcu=atmega32 -DF_CPU=8000000UL -MMD -MP -MF"ultrasonic.d" -MT"ultrasonic.o" -c -o "ultrasonic.o" "../ultrasonic.c"
In file included from ../ultrasonic.c:35:
c:/winavr-20100110/lib/gcc/../../avr/include/util/delay.h:90:3: warning: #warning "Compiler optimizations disabled; functions from <util/delay.h> won't work as designed"
Finished building: ../ultrasonic.c
 
Building target: project4.elf
Invoking: AVR C Linker
avr-gcc -Wl,-Map,project4.map -mmcu=atmega32 -o "project4.elf"  ./gpio.o ./icu.o ./lcd.o ./main.o ./ultrasonic.o   
Finished building target: project4.elf
 
Invoking: AVR Create Extended Listing
avr-objdump -h -S project4.elf  >"project4.lss"
Finished building: project4.lss
 
Invoking: Print Size
avr-size --format=avr --mcu=atmega32 project4.elf
AVR Memory Usage
----------------
Device: atmega32

Program:    9734 bytes (29.7% Full)
(.text + .data + .bootloader)

Data:        293 bytes (14.3% Full)
(.data + .bss + .noinit)


Finished building: sizedummy
 
